Fold 0
Fold 0
Model 0 best validation cross_entropy = 2.095154 on epoch 4
Model 0 test cross_entropy = 2.091250
Model 0 test accuracy = 0.493897
Model 0 test top3 = 0.719879
Ensemble test cross_entropy = 2.091250
Ensemble test accuracy = 0.493897
Ensemble test top3 = 0.719879
1-fold cross validation
	Seed 0 ==> test cross_entropy = 2.091250
	Seed 0 ==> test accuracy = 0.493897
	Seed 0 ==> test top3 = 0.719879
Overall test cross_entropy = 2.091250 +/- 0.000000
Overall test accuracy = 0.493897 +/- 0.000000
Overall test top3 = 0.719879 +/- 0.000000
Elapsed time = 3:00:36
Fold 0
Model 0 best validation cross_entropy = 1.848359 on epoch 9
Model 0 test cross_entropy = 1.837384
Model 0 test accuracy = 0.560895
Model 0 test top3 = 0.769619
Ensemble test cross_entropy = 1.837384
Ensemble test accuracy = 0.560895
Ensemble test top3 = 0.769619
1-fold cross validation
	Seed 0 ==> test cross_entropy = 1.837384
	Seed 0 ==> test accuracy = 0.560895
	Seed 0 ==> test top3 = 0.769619
Overall test cross_entropy = 1.837384 +/- 0.000000
Overall test accuracy = 0.560895 +/- 0.000000
Overall test top3 = 0.769619 +/- 0.000000
Elapsed time = 6:08:48
